<?xml version="1.0" encoding="UTF-8"?>
<!-- Generated by org.testng.reporters.JUnitXMLReporter -->
<testsuite hostname="DESKTOP-23744SG" name="Test" tests="5" failures="0" timestamp="22 Feb 2024 15:45:56 GMT" time="7.755" errors="0">
  <testcase name="Firstuser" time="6.16" classname="com.Api.FirstUser"/>
  <testcase name="Firstuser4" time="0.991" classname="com.Api.FirstUser4"/>
  <testcase name="Firstuser1" time="0.155" classname="com.Api.FirstUser1"/>
  <testcase name="Firstuser3" time="0.253" classname="com.Api.FirstUser3"/>
  <testcase name="Firstuser2" time="0.147" classname="com.Api.FirstUser2"/>
</testsuite> <!-- Test -->
