<?xml version="1.0" encoding="UTF-8"?>
<!-- Generated by org.testng.reporters.JUnitXMLReporter -->
<testsuite hostname="DESKTOP-23744SG" ignored="0" name="Test" tests="5" failures="0" timestamp="23 Feb 2024 15:46:10 GMT" time="5.855" errors="0">
  <testcase name="Firstuser" time="4.459" classname="com.Api.FirstUser"/>
  <testcase name="Firstuser4" time="0.92" classname="com.Api.FirstUser4"/>
  <testcase name="Firstuser1" time="0.14" classname="com.Api.FirstUser1"/>
  <testcase name="Firstuser3" time="0.149" classname="com.Api.FirstUser3"/>
  <testcase name="Firstuser2" time="0.137" classname="com.Api.FirstUser2"/>
</testsuite> <!-- Test -->
