<?xml version="1.0" encoding="UTF-8"?>
<testsuite xmlns:xsi="http://www.w3.org/2001/XMLSchema-instance" xsi:noNamespaceSchemaLocation="https://maven.apache.org/surefire/maven-surefire-plugin/xsd/surefire-test-report.xsd" name="TestSuite" time="8.491" tests="10" errors="0" skipped="0" failures="0">
  <properties>
[...]
</properties>
  <testcase name="Firstuser" classname="com.Api.FirstUser" time="4.884"/>
  <testcase name="Firstuser" classname="com.Api.FirstUser" time="0.633"/>
  <testcase name="Firstuser4" classname="com.Api.FirstUser4" time="0.769"/>
  <testcase name="Firstuser4" classname="com.Api.FirstUser4" time="0.128"/>
  <testcase name="Firstuser1" classname="com.Api.FirstUser1" time="0.144"/>
  <testcase name="Firstuser1" classname="com.Api.FirstUser1" time="0.116"/>
  <testcase name="Firstuser3" classname="com.Api.FirstUser3" time="0.256"/>
  <testcase name="Firstuser2" classname="com.Api.FirstUser2" time="0.185"/>
  <testcase name="Firstuser2" classname="com.Api.FirstUser2" time="0.22"/>
  <testcase name="Firstuser2" classname="com.Api.FirstUser2" time="0.087"/>
</testsuite>