<?xml version="1.0" encoding="UTF-8"?>
<!-- Generated by org.testng.reporters.JUnitXMLReporter -->
<testsuite hostname="DESKTOP-23744SG" ignored="3" name="Test" tests="2" failures="0" timestamp="23 Feb 2024 15:46:11 GMT" time="0.279" errors="0">
  <testcase name="Firstuser4" time="0.146" classname="com.Api.FirstUser4"/>
  <testcase name="Firstuser2" time="0.129" classname="com.Api.FirstUser2"/>
  <testcase name="Firstuser1" time="0.0" classname="com.Api.FirstUser1">
    <ignored/>
  </testcase> <!-- Firstuser1 -->
  <testcase name="Firstuser3" time="0.0" classname="com.Api.FirstUser3">
    <ignored/>
  </testcase> <!-- Firstuser3 -->
  <testcase name="Firstuser" time="0.0" classname="com.Api.FirstUser">
    <ignored/>
  </testcase> <!-- Firstuser -->
</testsuite> <!-- Test -->
