<?xml version="1.0" encoding="UTF-8"?>
<testng-results skipped="0" failed="0" total="5" passed="5">
  <reporter-output>
  </reporter-output>
  <suite name="Suite" duration-ms="7755" started-at="2024-02-22T15:45:48Z" finished-at="2024-02-22T15:45:56Z">
    <groups>
      <group name="regression">
        <method signature="FirstUser2.Firstuser2()[pri:0, instance:com.Api.FirstUser2@71be98f5]" name="Firstuser2" class="com.Api.FirstUser2"/>
        <method signature="FirstUser4.Firstuser4()[pri:0, instance:com.Api.FirstUser4@3d24753a]" name="Firstuser4" class="com.Api.FirstUser4"/>
      </group> <!-- regression -->
      <group name="smoke">
        <method signature="FirstUser.Firstuser()[pri:0, instance:com.Api.FirstUser@19dfb72a]" name="Firstuser" class="com.Api.FirstUser"/>
        <method signature="FirstUser3.Firstuser3()[pri:0, instance:com.Api.FirstUser3@7a0ac6e3]" name="Firstuser3" class="com.Api.FirstUser3"/>
      </group> <!-- smoke -->
      <group name="sanity">
        <method signature="FirstUser.Firstuser()[pri:0, instance:com.Api.FirstUser@19dfb72a]" name="Firstuser" class="com.Api.FirstUser"/>
        <method signature="FirstUser1.Firstuser1()[pri:0, instance:com.Api.FirstUser1@59a6e353]" name="Firstuser1" class="com.Api.FirstUser1"/>
        <method signature="FirstUser2.Firstuser2()[pri:0, instance:com.Api.FirstUser2@71be98f5]" name="Firstuser2" class="com.Api.FirstUser2"/>
      </group> <!-- sanity -->
    </groups>
    <test name="Test" duration-ms="7755" started-at="2024-02-22T15:45:48Z" finished-at="2024-02-22T15:45:56Z">
      <class name="com.Api.FirstUser1">
        <test-method status="PASS" signature="Firstuser1()[pri:0, instance:com.Api.FirstUser1@59a6e353]" name="Firstuser1" duration-ms="155" started-at="2024-02-22T15:45:55Z" finished-at="2024-02-22T15:45:55Z">
          <reporter-output>
          </reporter-output>
        </test-method> <!-- Firstuser1 -->
      </class> <!-- com.Api.FirstUser1 -->
      <class name="com.Api.FirstUser3">
        <test-method status="PASS" signature="Firstuser3()[pri:0, instance:com.Api.FirstUser3@7a0ac6e3]" name="Firstuser3" duration-ms="253" started-at="2024-02-22T15:45:55Z" finished-at="2024-02-22T15:45:56Z">
          <reporter-output>
          </reporter-output>
        </test-method> <!-- Firstuser3 -->
      </class> <!-- com.Api.FirstUser3 -->
      <class name="com.Api.FirstUser2">
        <test-method status="PASS" signature="Firstuser2()[pri:0, instance:com.Api.FirstUser2@71be98f5]" name="Firstuser2" duration-ms="147" started-at="2024-02-22T15:45:56Z" finished-at="2024-02-22T15:45:56Z">
          <reporter-output>
          </reporter-output>
        </test-method> <!-- Firstuser2 -->
      </class> <!-- com.Api.FirstUser2 -->
      <class name="com.Api.FirstUser">
        <test-method status="PASS" signature="Firstuser()[pri:0, instance:com.Api.FirstUser@19dfb72a]" name="Firstuser" duration-ms="6160" started-at="2024-02-22T15:45:48Z" finished-at="2024-02-22T15:45:54Z">
          <reporter-output>
          </reporter-output>
        </test-method> <!-- Firstuser -->
      </class> <!-- com.Api.FirstUser -->
      <class name="com.Api.FirstUser4">
        <test-method status="PASS" signature="Firstuser4()[pri:0, instance:com.Api.FirstUser4@3d24753a]" name="Firstuser4" duration-ms="991" started-at="2024-02-22T15:45:54Z" finished-at="2024-02-22T15:45:55Z">
          <reporter-output>
          </reporter-output>
        </test-method> <!-- Firstuser4 -->
      </class> <!-- com.Api.FirstUser4 -->
    </test> <!-- Test -->
  </suite> <!-- Suite -->
</testng-results>
