<?xml version="1.0" encoding="UTF-8"?>
<testng-results ignored="0" total="1" passed="1" failed="0" skipped="0">
  <reporter-output>
  </reporter-output>
  <suite started-at="2024-02-28T16:26:54Z" name="Default suite" finished-at="2024-02-28T16:27:08Z" duration-ms="13255">
    <groups>
    </groups>
    <test started-at="2024-02-28T16:26:54Z" name="Default test" finished-at="2024-02-28T16:27:08Z" duration-ms="13255">
      <class name="groups.Api.APIrestassured">
        <test-method signature="PostRequest()[pri:0, instance:groups.Api.APIrestassured@59e505b2]" started-at="2024-02-28T16:26:54Z" name="PostRequest" finished-at="2024-02-28T16:27:08Z" duration-ms="13232" status="PASS">
          <reporter-output>
          </reporter-output>
        </test-method> <!-- PostRequest -->
      </class> <!-- groups.Api.APIrestassured -->
    </test> <!-- Default test -->
  </suite> <!-- Default suite -->
</testng-results>
